2015-12-10 22:15:25,047 - [INFO] - from play in pool-4-thread-3 
Listening for HTTP on /0:0:0:0:0:0:0:0:9000

2015-12-10 22:15:34,441 - [INFO] - from play in play-internal-execution-context-1 
datasource [jdbc:h2:file:data/db;DB_CLOSE_DELAY=-1] bound to JNDI as DefaultDS

2015-12-10 22:15:34,783 - [INFO] - from play in play-internal-execution-context-1 
database [default] connected at jdbc:h2:file:data/db

2015-12-10 22:15:36,321 - [INFO] - from play in play-internal-execution-context-1 
Application started (Dev)

2015-12-10 22:16:58,838 - [INFO] - from application in play-akka.actor.default-dispatcher-15 
http://localhost:9034/posts/getAllPostsByUserId/userId/98/json

2015-12-10 22:16:58,892 - [INFO] - from application in play-akka.actor.default-dispatcher-14 
404

2015-12-10 22:16:58,892 - [INFO] - from application in play-akka.actor.default-dispatcher-15 
http://localhost:9034/followers/getAllFolloweesByFollowerId/user/98/json

2015-12-10 22:16:58,907 - [INFO] - from application in play-akka.actor.default-dispatcher-14 
404

2015-12-10 22:16:58,907 - [INFO] - from application in play-akka.actor.default-dispatcher-15 
http://localhost:9034/followers/getAllFollowersByUserId/user/98/json

2015-12-10 22:16:58,930 - [INFO] - from application in play-akka.actor.default-dispatcher-14 
404

2015-12-10 22:17:05,668 - [INFO] - from application in play-akka.actor.default-dispatcher-14 
http://localhost:9034/followers/getAllFolloweesByFollowerId/user/98/json

2015-12-10 22:17:05,679 - [INFO] - from application in play-akka.actor.default-dispatcher-16 
404

2015-12-10 22:17:05,679 - [INFO] - from application in play-akka.actor.default-dispatcher-14 
http://localhost:9034/followers/getAllFollowersByUserId/user/98/json

2015-12-10 22:17:05,688 - [INFO] - from application in play-akka.actor.default-dispatcher-16 
404

2015-12-10 22:17:05,708 - [INFO] - from application in play-akka.actor.default-dispatcher-16 
http://localhost:9034/followers/getAllFolloweesByFollowerId/user/98/json

2015-12-10 22:17:05,720 - [INFO] - from application in play-akka.actor.default-dispatcher-14 
404

2015-12-10 22:17:05,720 - [INFO] - from application in play-akka.actor.default-dispatcher-16 
http://localhost:9034/followers/getAllFollowersByUserId/user/98/json

2015-12-10 22:17:05,739 - [INFO] - from application in play-akka.actor.default-dispatcher-14 
404

2015-12-10 22:17:07,394 - [INFO] - from application in play-akka.actor.default-dispatcher-14 
http://localhost:9034/posts/getAllPostsByPostUserId/postUserId/96/json

2015-12-10 22:17:07,433 - [INFO] - from application in play-akka.actor.default-dispatcher-14 
http://localhost:9034/users/96

2015-12-10 22:17:09,998 - [INFO] - from application in play-akka.actor.default-dispatcher-19 
http://localhost:9034/posts/getAllPostsByPostUserId/postUserId/96/json

2015-12-10 22:17:10,031 - [INFO] - from application in play-akka.actor.default-dispatcher-19 
http://localhost:9034/users/96

2015-12-10 22:17:12,099 - [INFO] - from application in play-akka.actor.default-dispatcher-18 
http://localhost:9034/posts/getAllPostsByUserId/userId/98/json

2015-12-10 22:17:12,127 - [INFO] - from application in play-akka.actor.default-dispatcher-18 
http://localhost:9034/followers/getAllFolloweesByFollowerId/user/98/json

2015-12-10 22:17:12,153 - [INFO] - from application in play-akka.actor.default-dispatcher-18 
http://localhost:9034/followers/getAllFollowersByUserId/user/98/json

2015-12-10 22:17:12,166 - [INFO] - from application in play-akka.actor.default-dispatcher-19 
404

2015-12-10 22:17:36,688 - [INFO] - from application in play-akka.actor.default-dispatcher-6 
http://localhost:9034/posts/getAllPostsByUserId/userId/98/json

2015-12-10 22:17:36,716 - [INFO] - from application in play-akka.actor.default-dispatcher-6 
http://localhost:9034/followers/getAllFolloweesByFollowerId/user/98/json

2015-12-10 22:17:36,751 - [INFO] - from application in play-akka.actor.default-dispatcher-6 
http://localhost:9034/followers/getAllFollowersByUserId/user/98/json

2015-12-10 22:17:36,771 - [INFO] - from application in play-akka.actor.default-dispatcher-20 
404

2015-12-10 22:17:36,784 - [INFO] - from application in play-akka.actor.default-dispatcher-6 
http://localhost:9034/posts/getAllPostsByUserId/userId/98/json

2015-12-10 22:17:36,824 - [INFO] - from application in play-akka.actor.default-dispatcher-6 
http://localhost:9034/followers/getAllFolloweesByFollowerId/user/98/json

2015-12-10 22:17:36,851 - [INFO] - from application in play-akka.actor.default-dispatcher-6 
http://localhost:9034/followers/getAllFollowersByUserId/user/98/json

2015-12-10 22:17:36,864 - [INFO] - from application in play-akka.actor.default-dispatcher-20 
404

2015-12-10 22:17:47,761 - [INFO] - from application in play-akka.actor.default-dispatcher-6 
http://localhost:9034/posts/getAllPostsByUserId/userId/98/json

2015-12-10 22:17:47,801 - [INFO] - from application in play-akka.actor.default-dispatcher-6 
http://localhost:9034/followers/getAllFolloweesByFollowerId/user/98/json

2015-12-10 22:17:47,819 - [INFO] - from application in play-akka.actor.default-dispatcher-6 
http://localhost:9034/followers/getAllFollowersByUserId/user/98/json

2015-12-10 22:17:47,829 - [INFO] - from application in play-akka.actor.default-dispatcher-19 
404

2015-12-10 22:17:56,794 - [INFO] - from application in play-akka.actor.default-dispatcher-16 
http://localhost:9034/followers/getAllFolloweesByFollowerId/user/98/json

2015-12-10 22:17:56,820 - [INFO] - from application in play-akka.actor.default-dispatcher-16 
http://localhost:9034/followers/getAllFollowersByUserId/user/98/json

2015-12-10 22:17:56,834 - [INFO] - from application in play-akka.actor.default-dispatcher-22 
404

2015-12-10 22:17:56,853 - [INFO] - from application in play-akka.actor.default-dispatcher-22 
http://localhost:9034/followers/getAllFolloweesByFollowerId/user/98/json

2015-12-10 22:17:56,876 - [INFO] - from application in play-akka.actor.default-dispatcher-22 
http://localhost:9034/followers/getAllFollowersByUserId/user/98/json

2015-12-10 22:17:56,885 - [INFO] - from application in play-akka.actor.default-dispatcher-23 
404

2015-12-10 22:18:02,598 - [INFO] - from application in play-akka.actor.default-dispatcher-25 
http://localhost:9034/followers/getAllFolloweesByFollowerId/user/98/json

2015-12-10 22:18:02,613 - [INFO] - from application in play-akka.actor.default-dispatcher-25 
http://localhost:9034/followers/getAllFollowersByUserId/user/98/json

2015-12-10 22:18:02,622 - [INFO] - from application in play-akka.actor.default-dispatcher-6 
404

2015-12-10 22:18:02,631 - [INFO] - from application in play-akka.actor.default-dispatcher-6 
http://localhost:9034/followers/getAllFolloweesByFollowerId/user/98/json

2015-12-10 22:18:02,648 - [INFO] - from application in play-akka.actor.default-dispatcher-6 
http://localhost:9034/followers/getAllFollowersByUserId/user/98/json

2015-12-10 22:18:02,659 - [INFO] - from application in play-akka.actor.default-dispatcher-25 
404

2015-12-10 22:18:03,844 - [INFO] - from application in play-akka.actor.default-dispatcher-26 
http://localhost:9034/posts/getAllPostsByUserId/userId/98/json

2015-12-10 22:18:03,865 - [INFO] - from application in play-akka.actor.default-dispatcher-26 
http://localhost:9034/followers/getAllFolloweesByFollowerId/user/98/json

2015-12-10 22:18:03,878 - [INFO] - from application in play-akka.actor.default-dispatcher-26 
http://localhost:9034/followers/getAllFollowersByUserId/user/98/json

2015-12-10 22:18:03,888 - [INFO] - from application in play-akka.actor.default-dispatcher-16 
404

2015-12-10 22:18:03,903 - [INFO] - from application in play-akka.actor.default-dispatcher-16 
http://localhost:9034/posts/getAllPostsByUserId/userId/98/json

2015-12-10 22:18:03,937 - [INFO] - from application in play-akka.actor.default-dispatcher-16 
http://localhost:9034/followers/getAllFolloweesByFollowerId/user/98/json

2015-12-10 22:18:03,963 - [INFO] - from application in play-akka.actor.default-dispatcher-16 
http://localhost:9034/followers/getAllFollowersByUserId/user/98/json

2015-12-10 22:18:03,988 - [INFO] - from application in play-akka.actor.default-dispatcher-26 
404

2015-12-10 22:18:09,246 - [INFO] - from application in play-akka.actor.default-dispatcher-24 
http://localhost:9034/followers/getAllFolloweesByFollowerId/user/98/json

2015-12-10 22:18:09,261 - [INFO] - from application in play-akka.actor.default-dispatcher-24 
http://localhost:9034/followers/getAllFollowersByUserId/user/98/json

2015-12-10 22:18:09,277 - [INFO] - from application in play-akka.actor.default-dispatcher-6 
404

2015-12-10 22:18:09,289 - [INFO] - from application in play-akka.actor.default-dispatcher-6 
http://localhost:9034/followers/getAllFolloweesByFollowerId/user/98/json

2015-12-10 22:18:09,318 - [INFO] - from application in play-akka.actor.default-dispatcher-6 
http://localhost:9034/followers/getAllFollowersByUserId/user/98/json

2015-12-10 22:18:09,338 - [INFO] - from application in play-akka.actor.default-dispatcher-27 
404

2015-12-10 22:18:11,762 - [INFO] - from application in play-akka.actor.default-dispatcher-25 
http://localhost:9034/posts/getAllPostsByPostUserId/postUserId/92/json

2015-12-10 22:18:11,774 - [INFO] - from application in play-akka.actor.default-dispatcher-25 
http://localhost:9034/users/92

2015-12-10 22:18:13,314 - [INFO] - from application in play-akka.actor.default-dispatcher-26 
http://localhost:9034/posts/getAllPostsByPostUserId/postUserId/92/json

2015-12-10 22:18:13,330 - [INFO] - from application in play-akka.actor.default-dispatcher-26 
http://localhost:9034/users/92

2015-12-10 22:18:15,395 - [INFO] - from application in play-akka.actor.default-dispatcher-26 
http://localhost:9034/posts/getAllPostsByUserId/userId/98/json

2015-12-10 22:18:15,432 - [INFO] - from application in play-akka.actor.default-dispatcher-26 
http://localhost:9034/followers/getAllFolloweesByFollowerId/user/98/json

2015-12-10 22:18:15,464 - [INFO] - from application in play-akka.actor.default-dispatcher-26 
http://localhost:9034/followers/getAllFollowersByUserId/user/98/json

2015-12-10 22:18:15,477 - [INFO] - from application in play-akka.actor.default-dispatcher-28 
404

2015-12-10 22:18:17,447 - [INFO] - from application in play-akka.actor.default-dispatcher-24 
http://localhost:9034/posts/getAllPostsByUserId/userId/98/json

2015-12-10 22:18:17,476 - [INFO] - from application in play-akka.actor.default-dispatcher-24 
http://localhost:9034/followers/getAllFolloweesByFollowerId/user/98/json

2015-12-10 22:18:17,499 - [INFO] - from application in play-akka.actor.default-dispatcher-24 
http://localhost:9034/followers/getAllFollowersByUserId/user/98/json

2015-12-10 22:18:17,511 - [INFO] - from application in play-akka.actor.default-dispatcher-28 
404

2015-12-10 22:18:17,524 - [INFO] - from application in play-akka.actor.default-dispatcher-28 
http://localhost:9034/posts/getAllPostsByUserId/userId/98/json

2015-12-10 22:18:17,559 - [INFO] - from application in play-akka.actor.default-dispatcher-28 
http://localhost:9034/followers/getAllFolloweesByFollowerId/user/98/json

2015-12-10 22:18:17,589 - [INFO] - from application in play-akka.actor.default-dispatcher-28 
http://localhost:9034/followers/getAllFollowersByUserId/user/98/json

2015-12-10 22:18:17,600 - [INFO] - from application in play-akka.actor.default-dispatcher-26 
404

2015-12-10 22:18:38,719 - [INFO] - from application in play-akka.actor.default-dispatcher-6 
http://localhost:9034/posts/getAllPostsByUserId/userId/98/json

2015-12-10 22:18:38,764 - [INFO] - from application in play-akka.actor.default-dispatcher-6 
http://localhost:9034/followers/getAllFolloweesByFollowerId/user/98/json

2015-12-10 22:18:38,801 - [INFO] - from application in play-akka.actor.default-dispatcher-6 
http://localhost:9034/followers/getAllFollowersByUserId/user/98/json

2015-12-10 22:18:38,811 - [INFO] - from application in play-akka.actor.default-dispatcher-24 
404

2015-12-10 22:18:41,436 - [INFO] - from application in play-akka.actor.default-dispatcher-24 
http://localhost:9034/comments/getAllCommentsByPostId/post/174/json

2015-12-10 22:18:41,469 - [INFO] - from application in play-akka.actor.default-dispatcher-6 
404

2015-12-10 22:18:42,908 - [INFO] - from application in play-akka.actor.default-dispatcher-24 
http://localhost:9034/comments/getAllCommentsByPostId/post/174/json

2015-12-10 22:18:42,917 - [INFO] - from application in play-akka.actor.default-dispatcher-6 
404

2015-12-10 22:18:50,083 - [INFO] - from application in play-akka.actor.default-dispatcher-24 
http://localhost:9034/posts/getAllPostsByPostUserId/postUserId/98/json

2015-12-10 22:18:50,093 - [INFO] - from application in play-akka.actor.default-dispatcher-24 
http://localhost:9034/users/98

2015-12-10 22:18:54,019 - [INFO] - from application in play-akka.actor.default-dispatcher-24 
http://localhost:9034/posts/getAllPostsByUserId/userId/98/json

2015-12-10 22:18:54,042 - [INFO] - from application in play-akka.actor.default-dispatcher-24 
http://localhost:9034/followers/getAllFolloweesByFollowerId/user/98/json

2015-12-10 22:18:54,081 - [INFO] - from application in play-akka.actor.default-dispatcher-24 
http://localhost:9034/followers/getAllFollowersByUserId/user/98/json

2015-12-10 22:18:54,103 - [INFO] - from application in play-akka.actor.default-dispatcher-30 
404

2015-12-10 22:20:01,187 - [INFO] - from application in play-akka.actor.default-dispatcher-34 
http://localhost:9034/posts/getAllPostsByUserId/userId/96/json

2015-12-10 22:20:01,208 - [INFO] - from application in play-akka.actor.default-dispatcher-34 
http://localhost:9034/followers/getAllFolloweesByFollowerId/user/96/json

2015-12-10 22:20:01,223 - [INFO] - from application in play-akka.actor.default-dispatcher-34 
http://localhost:9034/followers/getAllFollowersByUserId/user/96/json

2015-12-10 22:20:21,054 - [INFO] - from application in play-akka.actor.default-dispatcher-22 
http://localhost:9034/posts/getAllPostsByUserId/userId/99/json

2015-12-10 22:20:21,066 - [INFO] - from application in play-akka.actor.default-dispatcher-38 
404

2015-12-10 22:20:21,069 - [INFO] - from application in play-akka.actor.default-dispatcher-22 
http://localhost:9034/followers/getAllFolloweesByFollowerId/user/99/json

2015-12-10 22:20:21,078 - [INFO] - from application in play-akka.actor.default-dispatcher-38 
404

2015-12-10 22:20:21,079 - [INFO] - from application in play-akka.actor.default-dispatcher-22 
http://localhost:9034/followers/getAllFollowersByUserId/user/99/json

2015-12-10 22:20:21,095 - [INFO] - from application in play-akka.actor.default-dispatcher-38 
404

2015-12-10 22:20:25,591 - [INFO] - from application in play-akka.actor.default-dispatcher-33 
http://localhost:9034/followers/getAllFolloweesByFollowerId/user/99/json

2015-12-10 22:20:25,598 - [INFO] - from application in play-akka.actor.default-dispatcher-38 
404

2015-12-10 22:20:25,598 - [INFO] - from application in play-akka.actor.default-dispatcher-33 
http://localhost:9034/followers/getAllFollowersByUserId/user/99/json

2015-12-10 22:20:25,607 - [INFO] - from application in play-akka.actor.default-dispatcher-38 
404

2015-12-10 22:20:25,644 - [INFO] - from application in play-akka.actor.default-dispatcher-33 
http://localhost:9034/followers/getAllFolloweesByFollowerId/user/99/json

2015-12-10 22:20:25,651 - [INFO] - from application in play-akka.actor.default-dispatcher-38 
404

2015-12-10 22:20:25,652 - [INFO] - from application in play-akka.actor.default-dispatcher-33 
http://localhost:9034/followers/getAllFollowersByUserId/user/99/json

2015-12-10 22:20:25,659 - [INFO] - from application in play-akka.actor.default-dispatcher-38 
404

2015-12-10 22:20:27,042 - [INFO] - from application in play-akka.actor.default-dispatcher-40 
http://localhost:9034/posts/getAllPostsByPostUserId/postUserId/96/json

2015-12-10 22:20:27,050 - [INFO] - from application in play-akka.actor.default-dispatcher-40 
http://localhost:9034/users/96

2015-12-10 22:20:28,199 - [INFO] - from application in play-akka.actor.default-dispatcher-33 
http://localhost:9034/posts/getAllPostsByPostUserId/postUserId/96/json

2015-12-10 22:20:28,207 - [INFO] - from application in play-akka.actor.default-dispatcher-33 
http://localhost:9034/users/96

2015-12-10 22:20:29,897 - [INFO] - from application in play-akka.actor.default-dispatcher-40 
http://localhost:9034/posts/getAllPostsByUserId/userId/99/json

2015-12-10 22:20:29,915 - [INFO] - from application in play-akka.actor.default-dispatcher-40 
http://localhost:9034/followers/getAllFolloweesByFollowerId/user/99/json

2015-12-10 22:20:29,933 - [INFO] - from application in play-akka.actor.default-dispatcher-40 
http://localhost:9034/followers/getAllFollowersByUserId/user/99/json

2015-12-10 22:20:29,942 - [INFO] - from application in play-akka.actor.default-dispatcher-33 
404

2015-12-10 22:20:30,908 - [INFO] - from application in play-akka.actor.default-dispatcher-39 
http://localhost:9034/posts/getAllPostsByUserId/userId/99/json

2015-12-10 22:20:30,923 - [INFO] - from application in play-akka.actor.default-dispatcher-39 
http://localhost:9034/followers/getAllFolloweesByFollowerId/user/99/json

2015-12-10 22:20:30,937 - [INFO] - from application in play-akka.actor.default-dispatcher-39 
http://localhost:9034/followers/getAllFollowersByUserId/user/99/json

2015-12-10 22:20:30,946 - [INFO] - from application in play-akka.actor.default-dispatcher-33 
404

2015-12-10 22:20:30,960 - [INFO] - from application in play-akka.actor.default-dispatcher-33 
http://localhost:9034/posts/getAllPostsByUserId/userId/99/json

2015-12-10 22:20:30,989 - [INFO] - from application in play-akka.actor.default-dispatcher-33 
http://localhost:9034/followers/getAllFolloweesByFollowerId/user/99/json

2015-12-10 22:20:31,005 - [INFO] - from application in play-akka.actor.default-dispatcher-33 
http://localhost:9034/followers/getAllFollowersByUserId/user/99/json

2015-12-10 22:20:31,015 - [INFO] - from application in play-akka.actor.default-dispatcher-40 
404

2015-12-10 22:20:46,281 - [INFO] - from application in play-akka.actor.default-dispatcher-22 
http://localhost:9034/posts/getAllPostsByUserId/userId/96/json

2015-12-10 22:20:46,305 - [INFO] - from application in play-akka.actor.default-dispatcher-22 
http://localhost:9034/followers/getAllFolloweesByFollowerId/user/96/json

2015-12-10 22:20:46,316 - [INFO] - from application in play-akka.actor.default-dispatcher-22 
http://localhost:9034/followers/getAllFollowersByUserId/user/96/json

2015-12-10 22:20:55,283 - [INFO] - from application in play-akka.actor.default-dispatcher-44 
http://localhost:9034/posts/getAllPostsByUserId/userId/96/json

2015-12-10 22:20:55,298 - [INFO] - from application in play-akka.actor.default-dispatcher-44 
http://localhost:9034/followers/getAllFolloweesByFollowerId/user/96/json

2015-12-10 22:20:55,312 - [INFO] - from application in play-akka.actor.default-dispatcher-44 
http://localhost:9034/followers/getAllFollowersByUserId/user/96/json

2015-12-10 22:20:55,362 - [INFO] - from application in play-akka.actor.default-dispatcher-22 
http://localhost:9034/posts/getAllPostsByUserId/userId/96/json

2015-12-10 22:20:55,385 - [INFO] - from application in play-akka.actor.default-dispatcher-22 
http://localhost:9034/followers/getAllFolloweesByFollowerId/user/96/json

2015-12-10 22:20:55,399 - [INFO] - from application in play-akka.actor.default-dispatcher-22 
http://localhost:9034/followers/getAllFollowersByUserId/user/96/json

2015-12-10 22:21:09,282 - [INFO] - from application in play-akka.actor.default-dispatcher-38 
http://localhost:9034/posts/getAllPostsByPostUserId/postUserId/96/json

2015-12-10 22:21:09,291 - [INFO] - from application in play-akka.actor.default-dispatcher-38 
http://localhost:9034/users/96

2015-12-10 22:21:11,296 - [INFO] - from application in play-akka.actor.default-dispatcher-38 
http://localhost:9034/posts/getAllPostsByPostUserId/postUserId/96/json

2015-12-10 22:21:11,308 - [INFO] - from application in play-akka.actor.default-dispatcher-38 
http://localhost:9034/users/96

2015-12-10 22:21:12,180 - [INFO] - from application in play-akka.actor.default-dispatcher-45 
http://localhost:9034/posts/getAllPostsByPostUserId/postUserId/96/json

2015-12-10 22:21:12,190 - [INFO] - from application in play-akka.actor.default-dispatcher-45 
http://localhost:9034/users/96

2015-12-10 22:21:12,973 - [INFO] - from application in play-akka.actor.default-dispatcher-47 
http://localhost:9034/posts/getAllPostsByPostUserId/postUserId/96/json

2015-12-10 22:21:12,982 - [INFO] - from application in play-akka.actor.default-dispatcher-47 
http://localhost:9034/users/96

2015-12-10 22:21:13,744 - [INFO] - from application in play-akka.actor.default-dispatcher-45 
http://localhost:9034/posts/getAllPostsByPostUserId/postUserId/96/json

2015-12-10 22:21:13,756 - [INFO] - from application in play-akka.actor.default-dispatcher-45 
http://localhost:9034/users/96

2015-12-10 22:21:14,795 - [INFO] - from application in play-akka.actor.default-dispatcher-40 
http://localhost:9034/posts/getAllPostsByPostUserId/postUserId/96/json

2015-12-10 22:21:14,802 - [INFO] - from application in play-akka.actor.default-dispatcher-40 
http://localhost:9034/users/96

2015-12-10 22:21:15,555 - [INFO] - from application in play-akka.actor.default-dispatcher-46 
http://localhost:9034/posts/getAllPostsByPostUserId/postUserId/96/json

2015-12-10 22:21:15,563 - [INFO] - from application in play-akka.actor.default-dispatcher-46 
http://localhost:9034/users/96

2015-12-10 22:21:17,225 - [INFO] - from application in play-akka.actor.default-dispatcher-46 
http://localhost:9034/posts/getAllPostsByPostUserId/postUserId/96/json

2015-12-10 22:21:17,234 - [INFO] - from application in play-akka.actor.default-dispatcher-46 
http://localhost:9034/users/96

2015-12-10 22:21:18,500 - [INFO] - from application in play-akka.actor.default-dispatcher-49 
http://localhost:9034/posts/getAllPostsByPostUserId/postUserId/96/json

2015-12-10 22:21:18,511 - [INFO] - from application in play-akka.actor.default-dispatcher-49 
http://localhost:9034/users/96

2015-12-10 22:21:19,675 - [INFO] - from application in play-akka.actor.default-dispatcher-22 
http://localhost:9034/posts/getAllPostsByPostUserId/postUserId/96/json

2015-12-10 22:21:19,682 - [INFO] - from application in play-akka.actor.default-dispatcher-22 
http://localhost:9034/users/96

2015-12-10 22:21:20,973 - [INFO] - from application in play-akka.actor.default-dispatcher-45 
http://localhost:9034/posts/getAllPostsByPostUserId/postUserId/96/json

2015-12-10 22:21:20,981 - [INFO] - from application in play-akka.actor.default-dispatcher-45 
http://localhost:9034/users/96

2015-12-10 22:21:22,410 - [INFO] - from application in play-akka.actor.default-dispatcher-45 
http://localhost:9034/posts/getAllPostsByPostUserId/postUserId/96/json

2015-12-10 22:21:22,419 - [INFO] - from application in play-akka.actor.default-dispatcher-45 
http://localhost:9034/users/96

2015-12-10 22:21:23,351 - [INFO] - from application in play-akka.actor.default-dispatcher-45 
http://localhost:9034/posts/getAllPostsByPostUserId/postUserId/96/json

2015-12-10 22:21:23,364 - [INFO] - from application in play-akka.actor.default-dispatcher-45 
http://localhost:9034/users/96

2015-12-10 22:21:25,215 - [INFO] - from application in play-akka.actor.default-dispatcher-49 
http://localhost:9034/posts/getAllPostsByPostUserId/postUserId/96/json

2015-12-10 22:21:25,225 - [INFO] - from application in play-akka.actor.default-dispatcher-49 
http://localhost:9034/users/96

2015-12-10 22:21:26,116 - [INFO] - from application in play-akka.actor.default-dispatcher-49 
http://localhost:9034/posts/getAllPostsByPostUserId/postUserId/96/json

2015-12-10 22:21:26,130 - [INFO] - from application in play-akka.actor.default-dispatcher-49 
http://localhost:9034/users/96

2015-12-10 22:21:31,987 - [INFO] - from application in play-akka.actor.default-dispatcher-49 
http://localhost:9034/posts/getAllPostsByPostUserId/postUserId/96/json

2015-12-10 22:21:31,995 - [INFO] - from application in play-akka.actor.default-dispatcher-49 
http://localhost:9034/users/96

2015-12-10 22:21:33,035 - [INFO] - from application in play-akka.actor.default-dispatcher-45 
http://localhost:9034/posts/getAllPostsByPostUserId/postUserId/96/json

2015-12-10 22:21:33,042 - [INFO] - from application in play-akka.actor.default-dispatcher-45 
http://localhost:9034/users/96

2015-12-10 22:21:33,946 - [INFO] - from application in play-akka.actor.default-dispatcher-45 
http://localhost:9034/posts/getAllPostsByPostUserId/postUserId/96/json

2015-12-10 22:21:33,954 - [INFO] - from application in play-akka.actor.default-dispatcher-45 
http://localhost:9034/users/96

2015-12-10 22:21:34,796 - [INFO] - from application in play-akka.actor.default-dispatcher-46 
http://localhost:9034/posts/getAllPostsByPostUserId/postUserId/96/json

2015-12-10 22:21:34,804 - [INFO] - from application in play-akka.actor.default-dispatcher-46 
http://localhost:9034/users/96

2015-12-10 22:21:35,584 - [INFO] - from application in play-akka.actor.default-dispatcher-46 
http://localhost:9034/posts/getAllPostsByPostUserId/postUserId/96/json

2015-12-10 22:21:35,595 - [INFO] - from application in play-akka.actor.default-dispatcher-46 
http://localhost:9034/users/96

2015-12-10 22:21:36,439 - [INFO] - from application in play-akka.actor.default-dispatcher-48 
http://localhost:9034/posts/getAllPostsByPostUserId/postUserId/96/json

2015-12-10 22:21:36,447 - [INFO] - from application in play-akka.actor.default-dispatcher-48 
http://localhost:9034/users/96

2015-12-10 22:21:37,587 - [INFO] - from application in play-akka.actor.default-dispatcher-48 
http://localhost:9034/posts/getAllPostsByPostUserId/postUserId/96/json

2015-12-10 22:21:37,596 - [INFO] - from application in play-akka.actor.default-dispatcher-48 
http://localhost:9034/users/96

2015-12-10 22:21:42,975 - [INFO] - from application in play-akka.actor.default-dispatcher-48 
http://localhost:9034/posts/getAllPostsByUserId/userId/96/json

2015-12-10 22:21:42,991 - [INFO] - from application in play-akka.actor.default-dispatcher-48 
http://localhost:9034/followers/getAllFolloweesByFollowerId/user/96/json

2015-12-10 22:21:43,002 - [INFO] - from application in play-akka.actor.default-dispatcher-48 
http://localhost:9034/followers/getAllFollowersByUserId/user/96/json

2015-12-10 22:21:52,183 - [INFO] - from application in play-akka.actor.default-dispatcher-40 
http://localhost:9034/posts/getAllPostsByUserId/userId/96/json

2015-12-10 22:21:52,200 - [INFO] - from application in play-akka.actor.default-dispatcher-40 
http://localhost:9034/followers/getAllFolloweesByFollowerId/user/96/json

2015-12-10 22:21:52,220 - [INFO] - from application in play-akka.actor.default-dispatcher-40 
http://localhost:9034/followers/getAllFollowersByUserId/user/96/json

2015-12-10 22:22:05,913 - [INFO] - from application in play-akka.actor.default-dispatcher-47 
http://localhost:9034/posts/getAllPostsByPostUserId/postUserId/92/json

2015-12-10 22:22:05,921 - [INFO] - from application in play-akka.actor.default-dispatcher-47 
http://localhost:9034/users/92

2015-12-10 22:22:12,407 - [INFO] - from application in play-akka.actor.default-dispatcher-47 
http://localhost:9034/posts/getAllPostsByPostUserId/postUserId/92/json

2015-12-10 22:22:12,420 - [INFO] - from application in play-akka.actor.default-dispatcher-47 
http://localhost:9034/users/92

2015-12-10 22:22:13,563 - [INFO] - from application in play-akka.actor.default-dispatcher-40 
http://localhost:9034/posts/getAllPostsByPostUserId/postUserId/92/json

2015-12-10 22:22:13,572 - [INFO] - from application in play-akka.actor.default-dispatcher-40 
http://localhost:9034/users/92

2015-12-10 22:22:15,267 - [INFO] - from application in play-akka.actor.default-dispatcher-40 
http://localhost:9034/posts/getAllPostsByPostUserId/postUserId/92/json

2015-12-10 22:22:15,274 - [INFO] - from application in play-akka.actor.default-dispatcher-40 
http://localhost:9034/users/92

2015-12-10 22:22:16,613 - [INFO] - from application in play-akka.actor.default-dispatcher-22 
http://localhost:9034/posts/getAllPostsByPostUserId/postUserId/92/json

2015-12-10 22:22:16,620 - [INFO] - from application in play-akka.actor.default-dispatcher-22 
http://localhost:9034/users/92

2015-12-10 22:22:17,447 - [INFO] - from application in play-akka.actor.default-dispatcher-40 
http://localhost:9034/posts/getAllPostsByPostUserId/postUserId/92/json

2015-12-10 22:22:17,455 - [INFO] - from application in play-akka.actor.default-dispatcher-40 
http://localhost:9034/users/92

2015-12-10 22:22:18,924 - [INFO] - from application in play-akka.actor.default-dispatcher-22 
http://localhost:9034/posts/getAllPostsByPostUserId/postUserId/92/json

2015-12-10 22:22:18,932 - [INFO] - from application in play-akka.actor.default-dispatcher-22 
http://localhost:9034/users/92

2015-12-10 22:22:19,608 - [INFO] - from application in play-akka.actor.default-dispatcher-49 
http://localhost:9034/posts/getAllPostsByPostUserId/postUserId/92/json

2015-12-10 22:22:19,616 - [INFO] - from application in play-akka.actor.default-dispatcher-49 
http://localhost:9034/users/92

2015-12-10 22:22:20,419 - [INFO] - from application in play-akka.actor.default-dispatcher-53 
http://localhost:9034/posts/getAllPostsByPostUserId/postUserId/92/json

2015-12-10 22:22:20,427 - [INFO] - from application in play-akka.actor.default-dispatcher-53 
http://localhost:9034/users/92

2015-12-10 22:22:21,284 - [INFO] - from application in play-akka.actor.default-dispatcher-51 
http://localhost:9034/posts/getAllPostsByPostUserId/postUserId/92/json

2015-12-10 22:22:21,291 - [INFO] - from application in play-akka.actor.default-dispatcher-51 
http://localhost:9034/users/92

2015-12-10 22:22:22,077 - [INFO] - from application in play-akka.actor.default-dispatcher-40 
http://localhost:9034/posts/getAllPostsByPostUserId/postUserId/92/json

2015-12-10 22:22:22,087 - [INFO] - from application in play-akka.actor.default-dispatcher-40 
http://localhost:9034/users/92

2015-12-10 22:22:23,011 - [INFO] - from application in play-akka.actor.default-dispatcher-47 
http://localhost:9034/posts/getAllPostsByPostUserId/postUserId/92/json

2015-12-10 22:22:23,018 - [INFO] - from application in play-akka.actor.default-dispatcher-47 
http://localhost:9034/users/92

2015-12-10 22:22:24,856 - [INFO] - from application in play-akka.actor.default-dispatcher-40 
http://localhost:9034/posts/getAllPostsByPostUserId/postUserId/92/json

2015-12-10 22:22:24,865 - [INFO] - from application in play-akka.actor.default-dispatcher-40 
http://localhost:9034/users/92

2015-12-10 22:22:27,024 - [INFO] - from application in play-akka.actor.default-dispatcher-47 
http://localhost:9034/posts/getAllPostsByPostUserId/postUserId/92/json

2015-12-10 22:22:27,032 - [INFO] - from application in play-akka.actor.default-dispatcher-47 
http://localhost:9034/users/92

2015-12-10 22:22:28,113 - [INFO] - from application in play-akka.actor.default-dispatcher-52 
http://localhost:9034/posts/getAllPostsByPostUserId/postUserId/92/json

2015-12-10 22:22:28,121 - [INFO] - from application in play-akka.actor.default-dispatcher-52 
http://localhost:9034/users/92

2015-12-10 22:22:29,253 - [INFO] - from application in play-akka.actor.default-dispatcher-52 
http://localhost:9034/posts/getAllPostsByPostUserId/postUserId/92/json

2015-12-10 22:22:29,260 - [INFO] - from application in play-akka.actor.default-dispatcher-52 
http://localhost:9034/users/92

2015-12-10 22:22:33,980 - [INFO] - from application in play-akka.actor.default-dispatcher-49 
http://localhost:9034/posts/getAllPostsByPostUserId/postUserId/92/json

2015-12-10 22:22:33,987 - [INFO] - from application in play-akka.actor.default-dispatcher-49 
http://localhost:9034/users/92

2015-12-10 22:22:35,600 - [INFO] - from application in play-akka.actor.default-dispatcher-40 
http://localhost:9034/posts/getAllPostsByPostUserId/postUserId/92/json

2015-12-10 22:22:35,612 - [INFO] - from application in play-akka.actor.default-dispatcher-40 
http://localhost:9034/users/92

2015-12-10 22:23:17,563 - [INFO] - from application in play-akka.actor.default-dispatcher-22 
http://localhost:9034/posts/getAllPostsByPostUserId/postUserId/92/json

2015-12-10 22:23:17,571 - [INFO] - from application in play-akka.actor.default-dispatcher-22 
http://localhost:9034/users/92

2015-12-10 22:23:18,459 - [INFO] - from application in play-akka.actor.default-dispatcher-54 
http://localhost:9034/posts/getAllPostsByPostUserId/postUserId/92/json

2015-12-10 22:23:18,466 - [INFO] - from application in play-akka.actor.default-dispatcher-54 
http://localhost:9034/users/92

2015-12-10 22:23:19,662 - [INFO] - from application in play-akka.actor.default-dispatcher-56 
http://localhost:9034/posts/getAllPostsByPostUserId/postUserId/92/json

2015-12-10 22:23:19,669 - [INFO] - from application in play-akka.actor.default-dispatcher-56 
http://localhost:9034/users/92

2015-12-10 22:23:23,424 - [INFO] - from application in play-akka.actor.default-dispatcher-22 
http://localhost:9034/posts/getAllPostsByUserId/userId/96/json

2015-12-10 22:23:23,437 - [INFO] - from application in play-akka.actor.default-dispatcher-22 
http://localhost:9034/followers/getAllFolloweesByFollowerId/user/96/json

2015-12-10 22:23:23,451 - [INFO] - from application in play-akka.actor.default-dispatcher-22 
http://localhost:9034/followers/getAllFollowersByUserId/user/96/json

2015-12-10 22:23:32,963 - [INFO] - from application in play-akka.actor.default-dispatcher-55 
http://localhost:9034/posts/getAllPostsByPostUserId/postUserId/96/json

2015-12-10 22:23:32,971 - [INFO] - from application in play-akka.actor.default-dispatcher-55 
http://localhost:9034/users/96

2015-12-10 22:23:34,715 - [INFO] - from application in play-akka.actor.default-dispatcher-22 
http://localhost:9034/posts/getAllPostsByPostUserId/postUserId/96/json

2015-12-10 22:23:34,723 - [INFO] - from application in play-akka.actor.default-dispatcher-22 
http://localhost:9034/users/96

2015-12-10 22:23:40,269 - [INFO] - from application in play-akka.actor.default-dispatcher-58 
http://localhost:9034/posts/getAllPostsByUserId/userId/96/json

2015-12-10 22:23:40,284 - [INFO] - from application in play-akka.actor.default-dispatcher-58 
http://localhost:9034/followers/getAllFolloweesByFollowerId/user/96/json

2015-12-10 22:23:40,296 - [INFO] - from application in play-akka.actor.default-dispatcher-58 
http://localhost:9034/followers/getAllFollowersByUserId/user/96/json

2015-12-10 22:23:50,200 - [INFO] - from application in play-akka.actor.default-dispatcher-50 
http://localhost:9034/comments/getAllCommentsByPostId/post/106/json

2015-12-10 22:23:55,799 - [INFO] - from application in play-akka.actor.default-dispatcher-56 
http://localhost:9034/posts/getAllPostsByUserId/userId/96/json

2015-12-10 22:23:55,814 - [INFO] - from application in play-akka.actor.default-dispatcher-56 
http://localhost:9034/followers/getAllFolloweesByFollowerId/user/96/json

2015-12-10 22:23:55,826 - [INFO] - from application in play-akka.actor.default-dispatcher-56 
http://localhost:9034/followers/getAllFollowersByUserId/user/96/json

2015-12-10 22:23:59,318 - [INFO] - from application in play-akka.actor.default-dispatcher-22 
http://localhost:9034/comments/getAllCommentsByPostId/post/176/json

2015-12-10 22:23:59,325 - [INFO] - from application in play-akka.actor.default-dispatcher-56 
404

2015-12-10 22:24:00,871 - [INFO] - from application in play-akka.actor.default-dispatcher-56 
http://localhost:9034/posts/getAllPostsByUserId/userId/96/json

2015-12-10 22:24:00,886 - [INFO] - from application in play-akka.actor.default-dispatcher-56 
http://localhost:9034/followers/getAllFolloweesByFollowerId/user/96/json

2015-12-10 22:24:00,897 - [INFO] - from application in play-akka.actor.default-dispatcher-56 
http://localhost:9034/followers/getAllFollowersByUserId/user/96/json

2015-12-10 22:24:04,644 - [INFO] - from application in play-akka.actor.default-dispatcher-56 
http://localhost:9034/posts/getAllPostsByPostUserId/postUserId/96/json

2015-12-10 22:24:04,650 - [INFO] - from application in play-akka.actor.default-dispatcher-56 
http://localhost:9034/users/96

2015-12-10 22:24:06,360 - [INFO] - from application in play-akka.actor.default-dispatcher-58 
http://localhost:9034/posts/getAllPostsByPostUserId/postUserId/96/json

2015-12-10 22:24:06,367 - [INFO] - from application in play-akka.actor.default-dispatcher-58 
http://localhost:9034/users/96

2015-12-10 22:24:16,544 - [INFO] - from application in play-akka.actor.default-dispatcher-59 
http://localhost:9034/posts/getAllPostsByUserId/userId/96/json

2015-12-10 22:24:16,558 - [INFO] - from application in play-akka.actor.default-dispatcher-59 
http://localhost:9034/followers/getAllFolloweesByFollowerId/user/96/json

2015-12-10 22:24:16,567 - [INFO] - from application in play-akka.actor.default-dispatcher-59 
http://localhost:9034/followers/getAllFollowersByUserId/user/96/json

2015-12-10 22:24:27,872 - [INFO] - from application in play-akka.actor.default-dispatcher-62 
http://localhost:9034/posts/getAllPostsByPostUserId/postUserId/98/json

2015-12-10 22:24:27,879 - [INFO] - from application in play-akka.actor.default-dispatcher-62 
http://localhost:9034/users/98

2015-12-10 22:24:53,515 - [INFO] - from application in play-akka.actor.default-dispatcher-60 
http://localhost:9034/posts/getAllPostsByPostUserId/postUserId/98/json

2015-12-10 22:24:53,529 - [INFO] - from application in play-akka.actor.default-dispatcher-60 
http://localhost:9034/users/98

2015-12-10 22:24:55,058 - [INFO] - from application in play-akka.actor.default-dispatcher-64 
http://localhost:9034/posts/getAllPostsByPostUserId/postUserId/98/json

2015-12-10 22:24:55,065 - [INFO] - from application in play-akka.actor.default-dispatcher-64 
http://localhost:9034/users/98

2015-12-10 22:24:56,830 - [INFO] - from application in play-akka.actor.default-dispatcher-64 
http://localhost:9034/posts/getAllPostsByUserId/userId/96/json

2015-12-10 22:24:56,846 - [INFO] - from application in play-akka.actor.default-dispatcher-64 
http://localhost:9034/followers/getAllFolloweesByFollowerId/user/96/json

2015-12-10 22:24:56,860 - [INFO] - from application in play-akka.actor.default-dispatcher-64 
http://localhost:9034/followers/getAllFollowersByUserId/user/96/json

2015-12-10 22:24:58,884 - [INFO] - from application in play-akka.actor.default-dispatcher-59 
http://localhost:9034/posts/getAllPostsByPostUserId/postUserId/99/json

2015-12-10 22:24:58,890 - [INFO] - from application in play-akka.actor.default-dispatcher-64 
404

2015-12-10 22:24:58,891 - [INFO] - from application in play-akka.actor.default-dispatcher-59 
http://localhost:9034/users/99

2015-12-10 22:25:01,659 - [INFO] - from application in play-akka.actor.default-dispatcher-65 
http://localhost:9034/posts/getAllPostsByPostUserId/postUserId/99/json

2015-12-10 22:25:01,666 - [INFO] - from application in play-akka.actor.default-dispatcher-63 
404

2015-12-10 22:25:01,666 - [INFO] - from application in play-akka.actor.default-dispatcher-65 
http://localhost:9034/users/99

2015-12-10 22:25:02,823 - [INFO] - from application in play-akka.actor.default-dispatcher-59 
http://localhost:9034/posts/getAllPostsByUserId/userId/96/json

2015-12-10 22:25:02,843 - [INFO] - from application in play-akka.actor.default-dispatcher-59 
http://localhost:9034/followers/getAllFolloweesByFollowerId/user/96/json

2015-12-10 22:25:02,864 - [INFO] - from application in play-akka.actor.default-dispatcher-59 
http://localhost:9034/followers/getAllFollowersByUserId/user/96/json

2015-12-10 22:28:27,889 - [INFO] - from play in play-internal-execution-context-1 
datasource [jdbc:h2:file:data/db;DB_CLOSE_DELAY=-1] bound to JNDI as DefaultDS

2015-12-10 22:28:27,893 - [INFO] - from play in play-internal-execution-context-1 
database [default] connected at jdbc:h2:file:data/db

2015-12-10 22:28:28,093 - [INFO] - from play in play-internal-execution-context-1 
Application started (Dev)

2015-12-10 22:28:28,105 - [INFO] - from application in play-akka.actor.default-dispatcher-59 
http://localhost:9034/posts/getAllPostsByUserId/userId/96/json

2015-12-10 22:28:28,161 - [INFO] - from application in play-akka.actor.default-dispatcher-59 
http://localhost:9034/followers/getAllFolloweesByFollowerId/user/96/json

2015-12-10 22:28:28,183 - [INFO] - from application in play-akka.actor.default-dispatcher-59 
http://localhost:9034/followers/getAllFollowersByUserId/user/96/json

2015-12-10 22:28:35,705 - [INFO] - from application in play-akka.actor.default-dispatcher-66 
http://localhost:9034/posts/getAllPostsByPostUserId/postUserId/92/json

2015-12-10 22:28:35,715 - [INFO] - from application in play-akka.actor.default-dispatcher-66 
http://localhost:9034/users/92

2015-12-10 22:28:37,298 - [INFO] - from application in play-akka.actor.default-dispatcher-71 
http://localhost:9034/posts/getAllPostsByPostUserId/postUserId/92/json

2015-12-10 22:28:37,304 - [INFO] - from application in play-akka.actor.default-dispatcher-71 
http://localhost:9034/users/92

2015-12-10 22:28:38,382 - [INFO] - from application in play-akka.actor.default-dispatcher-72 
http://localhost:9034/posts/getAllPostsByPostUserId/postUserId/92/json

2015-12-10 22:28:38,389 - [INFO] - from application in play-akka.actor.default-dispatcher-72 
http://localhost:9034/users/92

2015-12-10 22:28:42,040 - [INFO] - from application in play-akka.actor.default-dispatcher-72 
http://localhost:9034/posts/getAllPostsByPostUserId/postUserId/92/json

2015-12-10 22:28:42,050 - [INFO] - from application in play-akka.actor.default-dispatcher-72 
http://localhost:9034/users/92

2015-12-10 22:28:46,546 - [INFO] - from application in play-akka.actor.default-dispatcher-71 
http://localhost:9034/posts/getAllPostsByPostUserId/postUserId/92/json

2015-12-10 22:28:46,552 - [INFO] - from application in play-akka.actor.default-dispatcher-71 
http://localhost:9034/users/92

2015-12-10 22:28:47,019 - [INFO] - from application in play-akka.actor.default-dispatcher-70 
http://localhost:9034/posts/getAllPostsByPostUserId/postUserId/92/json

2015-12-10 22:28:47,027 - [INFO] - from application in play-akka.actor.default-dispatcher-70 
http://localhost:9034/users/92

2015-12-10 22:28:51,123 - [INFO] - from application in play-akka.actor.default-dispatcher-71 
http://localhost:9034/posts/getAllPostsByUserId/userId/96/json

2015-12-10 22:28:51,145 - [INFO] - from application in play-akka.actor.default-dispatcher-71 
http://localhost:9034/followers/getAllFolloweesByFollowerId/user/96/json

2015-12-10 22:28:51,166 - [INFO] - from application in play-akka.actor.default-dispatcher-71 
http://localhost:9034/followers/getAllFollowersByUserId/user/96/json

2015-12-10 22:28:54,157 - [INFO] - from application in play-akka.actor.default-dispatcher-67 
http://localhost:9034/posts/getAllPostsByPostUserId/postUserId/96/json

2015-12-10 22:28:54,163 - [INFO] - from application in play-akka.actor.default-dispatcher-67 
http://localhost:9034/users/96

2015-12-10 22:28:58,775 - [INFO] - from application in play-akka.actor.default-dispatcher-70 
http://localhost:9034/posts/getAllPostsByPostUserId/postUserId/96/json

2015-12-10 22:28:58,782 - [INFO] - from application in play-akka.actor.default-dispatcher-70 
http://localhost:9034/users/96

2015-12-10 22:29:31,307 - [INFO] - from play in play-internal-execution-context-1 
datasource [jdbc:h2:file:data/db;DB_CLOSE_DELAY=-1] bound to JNDI as DefaultDS

2015-12-10 22:29:31,317 - [INFO] - from play in play-internal-execution-context-1 
database [default] connected at jdbc:h2:file:data/db

2015-12-10 22:29:31,525 - [INFO] - from play in play-internal-execution-context-1 
Application started (Dev)

2015-12-10 22:29:31,534 - [INFO] - from application in play-akka.actor.default-dispatcher-71 
http://localhost:9034/posts/getAllPostsByPostUserId/postUserId/96/json

2015-12-10 22:29:31,545 - [INFO] - from application in play-akka.actor.default-dispatcher-71 
http://localhost:9034/users/96

2015-12-10 22:29:33,226 - [INFO] - from application in play-akka.actor.default-dispatcher-66 
http://localhost:9034/posts/getAllPostsByUserId/userId/96/json

2015-12-10 22:29:33,247 - [INFO] - from application in play-akka.actor.default-dispatcher-66 
http://localhost:9034/followers/getAllFolloweesByFollowerId/user/96/json

2015-12-10 22:29:33,274 - [INFO] - from application in play-akka.actor.default-dispatcher-66 
http://localhost:9034/followers/getAllFollowersByUserId/user/96/json

2015-12-10 22:29:36,111 - [INFO] - from application in play-akka.actor.default-dispatcher-75 
http://localhost:9034/posts/getAllPostsByPostUserId/postUserId/96/json

2015-12-10 22:29:36,119 - [INFO] - from application in play-akka.actor.default-dispatcher-75 
http://localhost:9034/users/96

2015-12-10 22:29:40,012 - [INFO] - from application in play-akka.actor.default-dispatcher-70 
http://localhost:9034/posts/getAllPostsByPostUserId/postUserId/96/json

2015-12-10 22:29:40,019 - [INFO] - from application in play-akka.actor.default-dispatcher-70 
http://localhost:9034/users/96

2015-12-10 22:30:10,409 - [INFO] - from application in play-akka.actor.default-dispatcher-71 
http://localhost:9034/posts/getAllPostsByPostUserId/postUserId/96/json

2015-12-10 22:30:10,416 - [INFO] - from application in play-akka.actor.default-dispatcher-71 
http://localhost:9034/users/96

2015-12-10 22:30:12,483 - [INFO] - from application in play-akka.actor.default-dispatcher-74 
http://localhost:9034/posts/getAllPostsByUserId/userId/96/json

2015-12-10 22:30:12,503 - [INFO] - from application in play-akka.actor.default-dispatcher-74 
http://localhost:9034/followers/getAllFolloweesByFollowerId/user/96/json

2015-12-10 22:30:12,520 - [INFO] - from application in play-akka.actor.default-dispatcher-74 
http://localhost:9034/followers/getAllFollowersByUserId/user/96/json

2015-12-10 22:30:14,418 - [INFO] - from application in play-akka.actor.default-dispatcher-79 
http://localhost:9034/posts/getAllPostsByPostUserId/postUserId/92/json

2015-12-10 22:30:14,424 - [INFO] - from application in play-akka.actor.default-dispatcher-79 
http://localhost:9034/users/92

2015-12-10 22:30:18,583 - [INFO] - from application in play-akka.actor.default-dispatcher-74 
http://localhost:9034/posts/getAllPostsByPostUserId/postUserId/92/json

2015-12-10 22:30:18,596 - [INFO] - from application in play-akka.actor.default-dispatcher-74 
http://localhost:9034/users/92

2015-12-10 22:30:18,610 - [INFO] - from application in play-akka.actor.default-dispatcher-79 
http://localhost:9034/posts/getAllPostsByPostUserId/postUserId/92/json

2015-12-10 22:30:18,616 - [INFO] - from application in play-akka.actor.default-dispatcher-79 
http://localhost:9034/users/92

2015-12-10 22:30:23,093 - [INFO] - from application in play-akka.actor.default-dispatcher-78 
http://localhost:9034/posts/getAllPostsByPostUserId/postUserId/92/json

2015-12-10 22:30:23,101 - [INFO] - from application in play-akka.actor.default-dispatcher-78 
http://localhost:9034/users/92

2015-12-10 22:31:01,447 - [INFO] - from application in play-akka.actor.default-dispatcher-66 
http://localhost:9034/posts/getAllPostsByPostUserId/postUserId/92/json

2015-12-10 22:31:01,454 - [INFO] - from application in play-akka.actor.default-dispatcher-66 
http://localhost:9034/users/92

2015-12-10 22:31:01,472 - [INFO] - from application in play-akka.actor.default-dispatcher-66 
http://localhost:9034/posts/getAllPostsByPostUserId/postUserId/92/json

2015-12-10 22:31:01,479 - [INFO] - from application in play-akka.actor.default-dispatcher-66 
http://localhost:9034/users/92

2015-12-10 22:31:10,181 - [INFO] - from application in play-akka.actor.default-dispatcher-71 
http://localhost:9034/posts/getAllPostsByUserId/userId/96/json

2015-12-10 22:31:10,200 - [INFO] - from application in play-akka.actor.default-dispatcher-71 
http://localhost:9034/followers/getAllFolloweesByFollowerId/user/96/json

2015-12-10 22:31:10,214 - [INFO] - from application in play-akka.actor.default-dispatcher-71 
http://localhost:9034/followers/getAllFollowersByUserId/user/96/json

2015-12-10 22:31:35,237 - [INFO] - from application in play-akka.actor.default-dispatcher-66 
http://localhost:9034/posts/getAllPostsByUserId/userId/92/json

2015-12-10 22:31:35,252 - [INFO] - from application in play-akka.actor.default-dispatcher-66 
http://localhost:9034/followers/getAllFolloweesByFollowerId/user/92/json

2015-12-10 22:31:35,261 - [INFO] - from application in play-akka.actor.default-dispatcher-66 
http://localhost:9034/followers/getAllFollowersByUserId/user/92/json

2015-12-10 22:31:43,458 - [INFO] - from application in play-akka.actor.default-dispatcher-66 
http://localhost:9034/posts/getAllPostsByPostUserId/postUserId/92/json

2015-12-10 22:31:43,465 - [INFO] - from application in play-akka.actor.default-dispatcher-66 
http://localhost:9034/users/92

2015-12-10 22:31:46,627 - [INFO] - from application in play-akka.actor.default-dispatcher-87 
http://localhost:9034/posts/getAllPostsByPostUserId/postUserId/92/json

2015-12-10 22:31:46,634 - [INFO] - from application in play-akka.actor.default-dispatcher-87 
http://localhost:9034/users/92

2015-12-10 22:31:52,084 - [INFO] - from application in play-akka.actor.default-dispatcher-66 
http://localhost:9034/posts/getAllPostsByPostUserId/postUserId/92/json

2015-12-10 22:31:52,090 - [INFO] - from application in play-akka.actor.default-dispatcher-66 
http://localhost:9034/users/92

2015-12-10 22:31:56,502 - [INFO] - from application in play-akka.actor.default-dispatcher-81 
http://localhost:9034/posts/getAllPostsByPostUserId/postUserId/92/json

2015-12-10 22:31:56,508 - [INFO] - from application in play-akka.actor.default-dispatcher-81 
http://localhost:9034/users/92

2015-12-10 22:31:58,148 - [INFO] - from application in play-akka.actor.default-dispatcher-88 
http://localhost:9034/posts/getAllPostsByPostUserId/postUserId/92/json

2015-12-10 22:31:58,154 - [INFO] - from application in play-akka.actor.default-dispatcher-88 
http://localhost:9034/users/92

2015-12-10 22:31:58,788 - [INFO] - from application in play-akka.actor.default-dispatcher-81 
http://localhost:9034/posts/getAllPostsByPostUserId/postUserId/92/json

2015-12-10 22:31:58,795 - [INFO] - from application in play-akka.actor.default-dispatcher-81 
http://localhost:9034/users/92

2015-12-10 22:32:00,407 - [INFO] - from application in play-akka.actor.default-dispatcher-87 
http://localhost:9034/posts/getAllPostsByUserId/userId/92/json

2015-12-10 22:32:00,421 - [INFO] - from application in play-akka.actor.default-dispatcher-87 
http://localhost:9034/followers/getAllFolloweesByFollowerId/user/92/json

2015-12-10 22:32:00,430 - [INFO] - from application in play-akka.actor.default-dispatcher-87 
http://localhost:9034/followers/getAllFollowersByUserId/user/92/json

